Vivado Simulator 2018.2
Copyright 1986-1999, 2001-2018 Xilinx, Inc. All Rights Reserved.
Running: C:/Xilinx/Vivado/2018.2/bin/unwrapped/win64.o/xelab.exe -wto c4192b7fa4f94395865d0863ceaf6099 --incr --debug typical --relax --mt 2 -L xbip_utils_v3_0_9 -L axi_utils_v2_0_5 -L fir_compiler_v7_2_11 -L xil_defaultlib -L secureip -L xpm --snapshot tb_FIRip_behav xil_defaultlib.tb_FIRip -log elaborate.log 
Using 2 slave threads.
Starting static elaboration
WARNING: [VRFC 10-516] comparison between unequal length arrays always returns FALSE [/wrk/2018.2/continuous/2018_06_14_2258646/packages/customer/vivado/data/ip/xilinx/xbip_utils_v3_0/hdl/xbip_utils_v3_0_vh_rfs.vhd:2042]
WARNING: [VRFC 10-516] comparison between unequal length arrays always returns FALSE [/wrk/2018.2/continuous/2018_06_14_2258646/packages/customer/vivado/data/ip/xilinx/xbip_utils_v3_0/hdl/xbip_utils_v3_0_vh_rfs.vhd:2043]
WARNING: [VRFC 10-516] comparison between unequal length arrays always returns FALSE [/wrk/2018.2/continuous/2018_06_14_2258646/packages/customer/vivado/data/ip/xilinx/xbip_utils_v3_0/hdl/xbip_utils_v3_0_vh_rfs.vhd:2044]
WARNING: [VRFC 10-516] comparison between unequal length arrays always returns FALSE [/wrk/2018.2/continuous/2018_06_14_2258646/packages/customer/vivado/data/ip/xilinx/xbip_utils_v3_0/hdl/xbip_utils_v3_0_vh_rfs.vhd:2045]
WARNING: [VRFC 10-516] comparison between unequal length arrays always returns FALSE [/wrk/2018.2/continuous/2018_06_14_2258646/packages/customer/vivado/data/ip/xilinx/xbip_utils_v3_0/hdl/xbip_utils_v3_0_vh_rfs.vhd:2031]
WARNING: [VRFC 10-516] comparison between unequal length arrays always returns FALSE [/wrk/2018.2/continuous/2018_06_14_2258646/packages/customer/vivado/data/ip/xilinx/xbip_utils_v3_0/hdl/xbip_utils_v3_0_vh_rfs.vhd:2032]
WARNING: [VRFC 10-516] comparison between unequal length arrays always returns FALSE [/wrk/2018.2/continuous/2018_06_14_2258646/packages/customer/vivado/data/ip/xilinx/xbip_utils_v3_0/hdl/xbip_utils_v3_0_vh_rfs.vhd:2033]
WARNING: [VRFC 10-516] comparison between unequal length arrays always returns FALSE [/wrk/2018.2/continuous/2018_06_14_2258646/packages/customer/vivado/data/ip/xilinx/xbip_utils_v3_0/hdl/xbip_utils_v3_0_vh_rfs.vhd:2034]
WARNING: [VRFC 10-516] comparison between unequal length arrays always returns FALSE [/wrk/2018.2/continuous/2018_06_14_2258646/packages/customer/vivado/data/ip/xilinx/xbip_utils_v3_0/hdl/xbip_utils_v3_0_vh_rfs.vhd:2035]
WARNING: [VRFC 10-516] comparison between unequal length arrays always returns FALSE [/wrk/2018.2/continuous/2018_06_14_2258646/packages/customer/vivado/data/ip/xilinx/xbip_utils_v3_0/hdl/xbip_utils_v3_0_vh_rfs.vhd:2042]
WARNING: [VRFC 10-516] comparison between unequal length arrays always returns FALSE [/wrk/2018.2/continuous/2018_06_14_2258646/packages/customer/vivado/data/ip/xilinx/xbip_utils_v3_0/hdl/xbip_utils_v3_0_vh_rfs.vhd:2043]
WARNING: [VRFC 10-516] comparison between unequal length arrays always returns FALSE [/wrk/2018.2/continuous/2018_06_14_2258646/packages/customer/vivado/data/ip/xilinx/xbip_utils_v3_0/hdl/xbip_utils_v3_0_vh_rfs.vhd:2044]
WARNING: [VRFC 10-516] comparison between unequal length arrays always returns FALSE [/wrk/2018.2/continuous/2018_06_14_2258646/packages/customer/vivado/data/ip/xilinx/xbip_utils_v3_0/hdl/xbip_utils_v3_0_vh_rfs.vhd:2045]
WARNING: [VRFC 10-516] comparison between unequal length arrays always returns FALSE [/wrk/2018.2/continuous/2018_06_14_2258646/packages/customer/vivado/data/ip/xilinx/xbip_utils_v3_0/hdl/xbip_utils_v3_0_vh_rfs.vhd:2031]
WARNING: [VRFC 10-516] comparison between unequal length arrays always returns FALSE [/wrk/2018.2/continuous/2018_06_14_2258646/packages/customer/vivado/data/ip/xilinx/xbip_utils_v3_0/hdl/xbip_utils_v3_0_vh_rfs.vhd:2032]
WARNING: [VRFC 10-516] comparison between unequal length arrays always returns FALSE [/wrk/2018.2/continuous/2018_06_14_2258646/packages/customer/vivado/data/ip/xilinx/xbip_utils_v3_0/hdl/xbip_utils_v3_0_vh_rfs.vhd:2033]
WARNING: [VRFC 10-516] comparison between unequal length arrays always returns FALSE [/wrk/2018.2/continuous/2018_06_14_2258646/packages/customer/vivado/data/ip/xilinx/xbip_utils_v3_0/hdl/xbip_utils_v3_0_vh_rfs.vhd:2034]
WARNING: [VRFC 10-516] comparison between unequal length arrays always returns FALSE [/wrk/2018.2/continuous/2018_06_14_2258646/packages/customer/vivado/data/ip/xilinx/xbip_utils_v3_0/hdl/xbip_utils_v3_0_vh_rfs.vhd:2035]
