#-----------------------------------------------------------
# Vivado v2015.2 (64-bit)
# SW Build 1266856 on Fri Jun 26 16:35:25 MDT 2015
# IP Build 1264090 on Wed Jun 24 14:22:01 MDT 2015
# Start of session at: Wed Aug 28 12:48:00 2019
# Process ID: 2496
# Log file: U:/ECE524L/Lab1/project_1/vivado.log
# Journal file: U:/ECE524L/Lab1/project_1\vivado.jou
#-----------------------------------------------------------
start_gui
eopen_project U:/ECE524L/Lab1/project_1/project_1.xpr
INFO: [Common 17-41] Interrupt caught. Command should exit soon.
****** Webtalk v2015.2 (64-bit)
  **** SW Build 1266856 on Fri Jun 26 16:35:25 MDT 2015
  **** IP Build 1264090 on Wed Jun 24 14:22:01 MDT 2015
    ** Copyright 1986-2015 Xilinx, Inc. All Rights Reserved.

source U:/ECE524L/Lab1/project_1/project_1.hw/webtalk/labtool_webtalk.tcl -notrace
INFO: [Common 17-186] 'U:/ECE524L/Lab1/project_1/project_1.hw/webtalk/usage_statistics_ext_labtool.xml' has been successfully sent to Xilinx on Wed Aug 28 12:48:30 2019. For additional detailsexit
INFO: [Common 17-206] Exiting Vivado at Wed Aug 28 12:50:34 2019...
do/2015.2/doc/webtalk_introduction.html.
INFO: [Common 17-206] Exiting Webtalk at Wed Aug 28 12:48:30 2019...
INFO: [Common 17-344] 'open_project' was cancelled
exit
INFO: [Common 17-206] Exiting Vivado at Wed Aug 28 12:48:36 2019...
