
*** Running vivado
    with args -log lab1_toplevel.vdi -applog -m64 -product Vivado -messageDb vivado.pb -mode batch -source lab1_toplevel.tcl -notrace


****** Vivado v2018.2 (64-bit)
  **** SW Build 2258646 on Thu Jun 14 20:03:12 MDT 2018
  **** IP Build 2256618 on Thu Jun 14 22:10:49 MDT 2018
    ** Copyright 1986-2018 Xilinx, Inc. All Rights Reserved.

source lab1_toplevel.tcl -notrace
Command: link_design -top lab1_toplevel -part xc7z020clg484-1
Design is defaulting to srcset: sources_1
Design is defaulting to constrset: constrs_1
INFO: [Netlist 29-17] Analyzing 18 Unisim elements for replacement
INFO: [Netlist 29-28] Unisim Transformation completed in 0 CPU seconds
INFO: [Project 1-479] Netlist was created with Vivado 2018.2
INFO: [Device 21-403] Loading part xc7z020clg484-1
INFO: [Project 1-570] Preparing netlist for logic optimization
Parsing XDC File [U:/ECE524L/Lab1/project_1/zedboard_master_XDC_RevC_D_v3/zedboard_master_XDC_RevC_D_v3.xdc]
WARNING: [Vivado 12-584] No ports matched 'BTNL'. [U:/ECE524L/Lab1/project_1/zedboard_master_XDC_RevC_D_v3/zedboard_master_XDC_RevC_D_v3.xdc:207]
CRITICAL WARNING: [Common 17-55] 'set_property' expects at least one object. [U:/ECE524L/Lab1/project_1/zedboard_master_XDC_RevC_D_v3/zedboard_master_XDC_RevC_D_v3.xdc:207]
Resolution: If [get_<value>] was used to populate the object, check to make sure this command returns at least one valid object.
WARNING: [Vivado 12-584] No ports matched 'BTNR'. [U:/ECE524L/Lab1/project_1/zedboard_master_XDC_RevC_D_v3/zedboard_master_XDC_RevC_D_v3.xdc:208]
CRITICAL WARNING: [Common 17-55] 'set_property' expects at least one object. [U:/ECE524L/Lab1/project_1/zedboard_master_XDC_RevC_D_v3/zedboard_master_XDC_RevC_D_v3.xdc:208]
Resolution: If [get_<value>] was used to populate the object, check to make sure this command returns at least one valid object.
WARNING: [Vivado 12-584] No ports matched 'OTG_RESETN'. [U:/ECE524L/Lab1/project_1/zedboard_master_XDC_RevC_D_v3/zedboard_master_XDC_RevC_D_v3.xdc:232]
CRITICAL WARNING: [Common 17-55] 'set_property' expects at least one object. [U:/ECE524L/Lab1/project_1/zedboard_master_XDC_RevC_D_v3/zedboard_master_XDC_RevC_D_v3.xdc:232]
Resolution: If [get_<value>] was used to populate the object, check to make sure this command returns at least one valid object.
WARNING: [Vivado 12-584] No ports matched 'SW2'. [U:/ECE524L/Lab1/project_1/zedboard_master_XDC_RevC_D_v3/zedboard_master_XDC_RevC_D_v3.xdc:239]
CRITICAL WARNING: [Common 17-55] 'set_property' expects at least one object. [U:/ECE524L/Lab1/project_1/zedboard_master_XDC_RevC_D_v3/zedboard_master_XDC_RevC_D_v3.xdc:239]
Resolution: If [get_<value>] was used to populate the object, check to make sure this command returns at least one valid object.
WARNING: [Vivado 12-584] No ports matched 'SW3'. [U:/ECE524L/Lab1/project_1/zedboard_master_XDC_RevC_D_v3/zedboard_master_XDC_RevC_D_v3.xdc:240]
CRITICAL WARNING: [Common 17-55] 'set_property' expects at least one object. [U:/ECE524L/Lab1/project_1/zedboard_master_XDC_RevC_D_v3/zedboard_master_XDC_RevC_D_v3.xdc:240]
Resolution: If [get_<value>] was used to populate the object, check to make sure this command returns at least one valid object.
WARNING: [Vivado 12-584] No ports matched 'SW4'. [U:/ECE524L/Lab1/project_1/zedboard_master_XDC_RevC_D_v3/zedboard_master_XDC_RevC_D_v3.xdc:241]
CRITICAL WARNING: [Common 17-55] 'set_property' expects at least one object. [U:/ECE524L/Lab1/project_1/zedboard_master_XDC_RevC_D_v3/zedboard_master_XDC_RevC_D_v3.xdc:241]
Resolution: If [get_<value>] was used to populate the object, check to make sure this command returns at least one valid object.
WARNING: [Vivado 12-584] No ports matched 'SW5'. [U:/ECE524L/Lab1/project_1/zedboard_master_XDC_RevC_D_v3/zedboard_master_XDC_RevC_D_v3.xdc:242]
CRITICAL WARNING: [Common 17-55] 'set_property' expects at least one object. [U:/ECE524L/Lab1/project_1/zedboard_master_XDC_RevC_D_v3/zedboard_master_XDC_RevC_D_v3.xdc:242]
Resolution: If [get_<value>] was used to populate the object, check to make sure this command returns at least one valid object.
WARNING: [Vivado 12-584] No ports matched 'SW6'. [U:/ECE524L/Lab1/project_1/zedboard_master_XDC_RevC_D_v3/zedboard_master_XDC_RevC_D_v3.xdc:243]
CRITICAL WARNING: [Common 17-55] 'set_property' expects at least one object. [U:/ECE524L/Lab1/project_1/zedboard_master_XDC_RevC_D_v3/zedboard_master_XDC_RevC_D_v3.xdc:243]
Resolution: If [get_<value>] was used to populate the object, check to make sure this command returns at least one valid object.
WARNING: [Vivado 12-584] No ports matched 'SW7'. [U:/ECE524L/Lab1/project_1/zedboard_master_XDC_RevC_D_v3/zedboard_master_XDC_RevC_D_v3.xdc:244]
CRITICAL WARNING: [Common 17-55] 'set_property' expects at least one object. [U:/ECE524L/Lab1/project_1/zedboard_master_XDC_RevC_D_v3/zedboard_master_XDC_RevC_D_v3.xdc:244]
Resolution: If [get_<value>] was used to populate the object, check to make sure this command returns at least one valid object.
Finished Parsing XDC File [U:/ECE524L/Lab1/project_1/zedboard_master_XDC_RevC_D_v3/zedboard_master_XDC_RevC_D_v3.xdc]
INFO: [Opt 31-138] Pushed 0 inverter(s) to 0 load pin(s).
INFO: [Project 1-111] Unisim Transformation Summary:
No Unisim elements were transformed.

7 Infos, 9 Warnings, 9 Critical Warnings and 0 Errors encountered.
link_design completed successfully
link_design: Time (s): cpu = 00:00:07 ; elapsed = 00:00:14 . Memory (MB): peak = 647.395 ; gain = 335.836
Command: opt_design
Attempting to get a license for feature 'Implementation' and/or device 'xc7z020'
INFO: [Common 17-349] Got license for feature 'Implementation' and/or device 'xc7z020'
Running DRC as a precondition to command opt_design

Starting DRC Task
INFO: [DRC 23-27] Running DRC with 2 threads
INFO: [Project 1-461] DRC finished with 0 Errors
INFO: [Project 1-462] Please refer to the DRC report (report_drc) for more information.

Time (s): cpu = 00:00:01 ; elapsed = 00:00:00.768 . Memory (MB): peak = 661.691 ; gain = 14.297

Starting Cache Timing Information Task
INFO: [Timing 38-35] Done setting XDC timing constraints.
Ending Cache Timing Information Task | Checksum: c826a12a

Time (s): cpu = 00:00:10 ; elapsed = 00:00:13 . Memory (MB): peak = 1216.246 ; gain = 554.555

Starting Logic Optimization Task

Phase 1 Retarget
INFO: [Opt 31-138] Pushed 0 inverter(s) to 0 load pin(s).
INFO: [Opt 31-49] Retargeted 0 cell(s).
Phase 1 Retarget | Checksum: c826a12a

Time (s): cpu = 00:00:00 ; elapsed = 00:00:00.036 . Memory (MB): peak = 1216.246 ; gain = 0.000
INFO: [Opt 31-389] Phase Retarget created 0 cells and removed 0 cells

Phase 2 Constant propagation
INFO: [Opt 31-138] Pushed 0 inverter(s) to 0 load pin(s).
Phase 2 Constant propagation | Checksum: c826a12a

Time (s): cpu = 00:00:00 ; elapsed = 00:00:00.061 . Memory (MB): peak = 1216.246 ; gain = 0.000
INFO: [Opt 31-389] Phase Constant propagation created 0 cells and removed 0 cells

Phase 3 Sweep
Phase 3 Sweep | Checksum: db219e78

Time (s): cpu = 00:00:00 ; elapsed = 00:00:00.078 . Memory (MB): peak = 1216.246 ; gain = 0.000
INFO: [Opt 31-389] Phase Sweep created 0 cells and removed 0 cells

Phase 4 BUFG optimization
Phase 4 BUFG optimization | Checksum: db219e78

Time (s): cpu = 00:00:00 ; elapsed = 00:00:00.095 . Memory (MB): peak = 1216.246 ; gain = 0.000
INFO: [Opt 31-662] Phase BUFG optimization created 0 cells of which 0 are BUFGs and removed 0 cells.

Phase 5 Shift Register Optimization
Phase 5 Shift Register Optimization | Checksum: 1c9590a11

Time (s): cpu = 00:00:00 ; elapsed = 00:00:00.118 . Memory (MB): peak = 1216.246 ; gain = 0.000
INFO: [Opt 31-389] Phase Shift Register Optimization created 0 cells and removed 0 cells

Phase 6 Post Processing Netlist
Phase 6 Post Processing Netlist | Checksum: 1c9590a11

Time (s): cpu = 00:00:00 ; elapsed = 00:00:00.132 . Memory (MB): peak = 1216.246 ; gain = 0.000
INFO: [Opt 31-389] Phase Post Processing Netlist created 0 cells and removed 0 cells

Starting Connectivity Check Task

Time (s): cpu = 00:00:00 ; elapsed = 00:00:00.004 . Memory (MB): peak = 1216.246 ; gain = 0.000
Ending Logic Optimization Task | Checksum: 1c9590a11

Time (s): cpu = 00:00:00 ; elapsed = 00:00:00.147 . Memory (MB): peak = 1216.246 ; gain = 0.000

Starting Power Optimization Task
INFO: [Pwropt 34-132] Skipping clock gating for clocks with a period < 2.00 ns.
Ending Power Optimization Task | Checksum: 1c9590a11

Time (s): cpu = 00:00:00 ; elapsed = 00:00:00.015 . Memory (MB): peak = 1216.246 ; gain = 0.000

Starting Final Cleanup Task
Ending Final Cleanup Task | Checksum: 1c9590a11

Time (s): cpu = 00:00:00 ; elapsed = 00:00:00.003 . Memory (MB): peak = 1216.246 ; gain = 0.000
INFO: [Common 17-83] Releasing license: Implementation
23 Infos, 9 Warnings, 9 Critical Warnings and 0 Errors encountered.
opt_design completed successfully
opt_design: Time (s): cpu = 00:00:11 ; elapsed = 00:00:14 . Memory (MB): peak = 1216.246 ; gain = 568.852
INFO: [Timing 38-480] Writing timing data to binary archive.
Writing placer database...
Writing XDEF routing.
Writing XDEF routing logical nets.
Writing XDEF routing special nets.
Write XDEF Complete: Time (s): cpu = 00:00:00 ; elapsed = 00:00:00.576 . Memory (MB): peak = 1216.246 ; gain = 0.000
INFO: [Common 17-1381] The checkpoint 'U:/ECE524L/Lab1/project_1/project_1.runs/impl_1/lab1_toplevel_opt.dcp' has been generated.
INFO: [runtcl-4] Executing : report_drc -file lab1_toplevel_drc_opted.rpt -pb lab1_toplevel_drc_opted.pb -rpx lab1_toplevel_drc_opted.rpx
Command: report_drc -file lab1_toplevel_drc_opted.rpt -pb lab1_toplevel_drc_opted.pb -rpx lab1_toplevel_drc_opted.rpx
INFO: [IP_Flow 19-234] Refreshing IP repositories
INFO: [IP_Flow 19-1704] No user IP repositories specified
INFO: [IP_Flow 19-2313] Loaded Vivado IP repository 'C:/Xilinx/Vivado/2018.2/data/ip'.
INFO: [DRC 23-27] Running DRC with 2 threads
INFO: [Coretcl 2-168] The results of DRC are in file U:/ECE524L/Lab1/project_1/project_1.runs/impl_1/lab1_toplevel_drc_opted.rpt.
report_drc completed successfully
Command: place_design
Attempting to get a license for feature 'Implementation' and/or device 'xc7z020'
INFO: [Common 17-349] Got license for feature 'Implementation' and/or device 'xc7z020'
INFO: [DRC 23-27] Running DRC with 2 threads
INFO: [Vivado_Tcl 4-198] DRC finished with 0 Errors
INFO: [Vivado_Tcl 4-199] Please refer to the DRC report (report_drc) for more information.
Running DRC as a precondition to command place_design
INFO: [DRC 23-27] Running DRC with 2 threads
INFO: [Vivado_Tcl 4-198] DRC finished with 0 Errors
INFO: [Vivado_Tcl 4-199] Please refer to the DRC report (report_drc) for more information.

Starting Placer Task
INFO: [Place 30-611] Multithreading enabled for place_design using a maximum of 2 CPUs

Phase 1 Placer Initialization

Phase 1.1 Placer Initialization Netlist Sorting
Netlist sorting complete. Time (s): cpu = 00:00:00 ; elapsed = 00:00:00 . Memory (MB): peak = 1216.246 ; gain = 0.000
Phase 1.1 Placer Initialization Netlist Sorting | Checksum: f70c7ea6

Time (s): cpu = 00:00:00 ; elapsed = 00:00:00.029 . Memory (MB): peak = 1216.246 ; gain = 0.000
Netlist sorting complete. Time (s): cpu = 00:00:00 ; elapsed = 00:00:00.001 . Memory (MB): peak = 1216.246 ; gain = 0.000

Phase 1.2 IO Placement/ Clock Placement/ Build Placer Device
INFO: [Timing 38-35] Done setting XDC timing constraints.
Phase 1.2 IO Placement/ Clock Placement/ Build Placer Device | Checksum: 11f0081aa

Time (s): cpu = 00:00:02 ; elapsed = 00:00:02 . Memory (MB): peak = 1231.082 ; gain = 14.836

Phase 1.3 Build Placer Netlist Model
Phase 1.3 Build Placer Netlist Model | Checksum: 15bdf83ae

Time (s): cpu = 00:00:02 ; elapsed = 00:00:02 . Memory (MB): peak = 1231.082 ; gain = 14.836

Phase 1.4 Constrain Clocks/Macros
Phase 1.4 Constrain Clocks/Macros | Checksum: 15bdf83ae

Time (s): cpu = 00:00:02 ; elapsed = 00:00:02 . Memory (MB): peak = 1231.082 ; gain = 14.836
Phase 1 Placer Initialization | Checksum: 15bdf83ae

Time (s): cpu = 00:00:02 ; elapsed = 00:00:02 . Memory (MB): peak = 1231.082 ; gain = 14.836

Phase 2 Global Placement

Phase 2.1 Floorplanning
Phase 2.1 Floorplanning | Checksum: 15bdf83ae

Time (s): cpu = 00:00:02 ; elapsed = 00:00:02 . Memory (MB): peak = 1231.082 ; gain = 14.836
WARNING: [Place 46-29] place_design is not in timing mode. Skip physical synthesis in placer
Phase 2 Global Placement | Checksum: 12fdec71f

Time (s): cpu = 00:00:04 ; elapsed = 00:00:03 . Memory (MB): peak = 1231.082 ; gain = 14.836

Phase 3 Detail Placement

Phase 3.1 Commit Multi Column Macros
Phase 3.1 Commit Multi Column Macros | Checksum: 12fdec71f

Time (s): cpu = 00:00:04 ; elapsed = 00:00:03 . Memory (MB): peak = 1231.082 ; gain = 14.836

Phase 3.2 Commit Most Macros & LUTRAMs
Phase 3.2 Commit Most Macros & LUTRAMs | Checksum: 206b94dbe

Time (s): cpu = 00:00:04 ; elapsed = 00:00:03 . Memory (MB): peak = 1231.082 ; gain = 14.836

Phase 3.3 Area Swap Optimization
Phase 3.3 Area Swap Optimization | Checksum: 232c0e070

Time (s): cpu = 00:00:04 ; elapsed = 00:00:03 . Memory (MB): peak = 1231.082 ; gain = 14.836

Phase 3.4 Pipeline Register Optimization
Phase 3.4 Pipeline Register Optimization | Checksum: 232c0e070

Time (s): cpu = 00:00:04 ; elapsed = 00:00:03 . Memory (MB): peak = 1231.082 ; gain = 14.836

Phase 3.5 Small Shape Detail Placement
Phase 3.5 Small Shape Detail Placement | Checksum: 18cadd413

Time (s): cpu = 00:00:04 ; elapsed = 00:00:04 . Memory (MB): peak = 1231.082 ; gain = 14.836

Phase 3.6 Re-assign LUT pins
Phase 3.6 Re-assign LUT pins | Checksum: 18cadd413

Time (s): cpu = 00:00:04 ; elapsed = 00:00:04 . Memory (MB): peak = 1231.082 ; gain = 14.836

Phase 3.7 Pipeline Register Optimization
Phase 3.7 Pipeline Register Optimization | Checksum: 18cadd413

Time (s): cpu = 00:00:04 ; elapsed = 00:00:04 . Memory (MB): peak = 1231.082 ; gain = 14.836
Phase 3 Detail Placement | Checksum: 18cadd413

Time (s): cpu = 00:00:04 ; elapsed = 00:00:04 . Memory (MB): peak = 1231.082 ; gain = 14.836

Phase 4 Post Placement Optimization and Clean-Up

Phase 4.1 Post Commit Optimization
Phase 4.1 Post Commit Optimization | Checksum: 18cadd413

Time (s): cpu = 00:00:04 ; elapsed = 00:00:04 . Memory (MB): peak = 1231.082 ; gain = 14.836

Phase 4.2 Post Placement Cleanup
Phase 4.2 Post Placement Cleanup | Checksum: 18cadd413

Time (s): cpu = 00:00:04 ; elapsed = 00:00:04 . Memory (MB): peak = 1231.082 ; gain = 14.836

Phase 4.3 Placer Reporting
Phase 4.3 Placer Reporting | Checksum: 18cadd413

Time (s): cpu = 00:00:04 ; elapsed = 00:00:04 . Memory (MB): peak = 1231.082 ; gain = 14.836

Phase 4.4 Final Placement Cleanup
Phase 4.4 Final Placement Cleanup | Checksum: 1031c3ff6

Time (s): cpu = 00:00:04 ; elapsed = 00:00:04 . Memory (MB): peak = 1231.082 ; gain = 14.836
Phase 4 Post Placement Optimization and Clean-Up | Checksum: 1031c3ff6

Time (s): cpu = 00:00:04 ; elapsed = 00:00:04 . Memory (MB): peak = 1231.082 ; gain = 14.836
Ending Placer Task | Checksum: b2ed3fea

Time (s): cpu = 00:00:04 ; elapsed = 00:00:04 . Memory (MB): peak = 1231.082 ; gain = 14.836
INFO: [Common 17-83] Releasing license: Implementation
41 Infos, 10 Warnings, 9 Critical Warnings and 0 Errors encountered.
place_design completed successfully
INFO: [Timing 38-480] Writing timing data to binary archive.
Writing placer database...
Writing XDEF routing.
Writing XDEF routing logical nets.
Writing XDEF routing special nets.
Write XDEF Complete: Time (s): cpu = 00:00:01 ; elapsed = 00:00:00.922 . Memory (MB): peak = 1237.125 ; gain = 6.043
INFO: [Common 17-1381] The checkpoint 'U:/ECE524L/Lab1/project_1/project_1.runs/impl_1/lab1_toplevel_placed.dcp' has been generated.
write_checkpoint: Time (s): cpu = 00:00:01 ; elapsed = 00:00:05 . Memory (MB): peak = 1237.125 ; gain = 6.043
INFO: [runtcl-4] Executing : report_io -file lab1_toplevel_io_placed.rpt
report_io: Time (s): cpu = 00:00:00 ; elapsed = 00:00:00.142 . Memory (MB): peak = 1237.371 ; gain = 0.246
INFO: [runtcl-4] Executing : report_utilization -file lab1_toplevel_utilization_placed.rpt -pb lab1_toplevel_utilization_placed.pb
report_utilization: Time (s): cpu = 00:00:00 ; elapsed = 00:00:00.085 . Memory (MB): peak = 1237.371 ; gain = 0.000
INFO: [runtcl-4] Executing : report_control_sets -verbose -file lab1_toplevel_control_sets_placed.rpt
report_control_sets: Time (s): cpu = 00:00:00 ; elapsed = 00:00:00.039 . Memory (MB): peak = 1237.371 ; gain = 0.000
Command: route_design
Attempting to get a license for feature 'Implementation' and/or device 'xc7z020'
INFO: [Common 17-349] Got license for feature 'Implementation' and/or device 'xc7z020'
Running DRC as a precondition to command route_design
INFO: [DRC 23-27] Running DRC with 2 threads
INFO: [Vivado_Tcl 4-198] DRC finished with 0 Errors
INFO: [Vivado_Tcl 4-199] Please refer to the DRC report (report_drc) for more information.


Starting Routing Task
INFO: [Route 35-254] Multithreading enabled for route_design using a maximum of 2 CPUs
Checksum: PlaceDB: 5bf73f41 ConstDB: 0 ShapeSum: 56f600a9 RouteDB: 0

Phase 1 Build RT Design
Phase 1 Build RT Design | Checksum: 60d098e8

Time (s): cpu = 00:00:30 ; elapsed = 00:00:27 . Memory (MB): peak = 1374.891 ; gain = 136.832
Post Restoration Checksum: NetGraph: 2f44406b NumContArr: 318c587d Constraints: 0 Timing: 0

Phase 2 Router Initialization
INFO: [Route 35-64] No timing constraints were detected. The router will operate in resource-optimization mode.

Phase 2.1 Fix Topology Constraints
Phase 2.1 Fix Topology Constraints | Checksum: 60d098e8

Time (s): cpu = 00:00:30 ; elapsed = 00:00:27 . Memory (MB): peak = 1381.176 ; gain = 143.117

Phase 2.2 Pre Route Cleanup
Phase 2.2 Pre Route Cleanup | Checksum: 60d098e8

Time (s): cpu = 00:00:30 ; elapsed = 00:00:27 . Memory (MB): peak = 1381.176 ; gain = 143.117
 Number of Nodes with overlaps = 0
Phase 2 Router Initialization | Checksum: de001ca9

Time (s): cpu = 00:00:30 ; elapsed = 00:00:27 . Memory (MB): peak = 1394.305 ; gain = 156.246

Phase 3 Initial Routing
Phase 3 Initial Routing | Checksum: 17bc04f3c

Time (s): cpu = 00:00:30 ; elapsed = 00:00:27 . Memory (MB): peak = 1394.305 ; gain = 156.246

Phase 4 Rip-up And Reroute

Phase 4.1 Global Iteration 0
 Number of Nodes with overlaps = 1
 Number of Nodes with overlaps = 0
Phase 4.1 Global Iteration 0 | Checksum: 1d600617c

Time (s): cpu = 00:00:30 ; elapsed = 00:00:27 . Memory (MB): peak = 1394.305 ; gain = 156.246
Phase 4 Rip-up And Reroute | Checksum: 1d600617c

Time (s): cpu = 00:00:30 ; elapsed = 00:00:27 . Memory (MB): peak = 1394.305 ; gain = 156.246

Phase 5 Delay and Skew Optimization
Phase 5 Delay and Skew Optimization | Checksum: 1d600617c

Time (s): cpu = 00:00:30 ; elapsed = 00:00:27 . Memory (MB): peak = 1394.305 ; gain = 156.246

Phase 6 Post Hold Fix

Phase 6.1 Hold Fix Iter
Phase 6.1 Hold Fix Iter | Checksum: 1d600617c

Time (s): cpu = 00:00:30 ; elapsed = 00:00:27 . Memory (MB): peak = 1394.305 ; gain = 156.246
Phase 6 Post Hold Fix | Checksum: 1d600617c

Time (s): cpu = 00:00:30 ; elapsed = 00:00:27 . Memory (MB): peak = 1394.305 ; gain = 156.246

Phase 7 Route finalize

Router Utilization Summary
  Global Vertical Routing Utilization    = 0.019416 %
  Global Horizontal Routing Utilization  = 0.0157201 %
  Routable Net Status*
  *Does not include unroutable nets such as driverless and loadless.
  Run report_route_status for detailed report.
  Number of Failed Nets               = 0
  Number of Unrouted Nets             = 0
  Number of Partially Routed Nets     = 0
  Number of Node Overlaps             = 0

Congestion Report
North Dir 1x1 Area, Max Cong = 20.7207%, No Congested Regions.
South Dir 1x1 Area, Max Cong = 9.90991%, No Congested Regions.
East Dir 1x1 Area, Max Cong = 16.1765%, No Congested Regions.
West Dir 1x1 Area, Max Cong = 11.7647%, No Congested Regions.

------------------------------
Reporting congestion hotspots
------------------------------
Direction: North
----------------
Congested clusters found at Level 0
Effective congestion level: 0 Aspect Ratio: 1 Sparse Ratio: 0
Direction: South
----------------
Congested clusters found at Level 0
Effective congestion level: 0 Aspect Ratio: 1 Sparse Ratio: 0
Direction: East
----------------
Congested clusters found at Level 0
Effective congestion level: 0 Aspect Ratio: 1 Sparse Ratio: 0
Direction: West
----------------
Congested clusters found at Level 0
Effective congestion level: 0 Aspect Ratio: 1 Sparse Ratio: 0

Phase 7 Route finalize | Checksum: 1d600617c

Time (s): cpu = 00:00:30 ; elapsed = 00:00:28 . Memory (MB): peak = 1394.305 ; gain = 156.246

Phase 8 Verifying routed nets

 Verification completed successfully
Phase 8 Verifying routed nets | Checksum: 1d600617c

Time (s): cpu = 00:00:30 ; elapsed = 00:00:28 . Memory (MB): peak = 1394.305 ; gain = 156.246

Phase 9 Depositing Routes
Phase 9 Depositing Routes | Checksum: 1361ad7e6

Time (s): cpu = 00:00:30 ; elapsed = 00:00:28 . Memory (MB): peak = 1394.305 ; gain = 156.246
INFO: [Route 35-16] Router Completed Successfully

Time (s): cpu = 00:00:30 ; elapsed = 00:00:28 . Memory (MB): peak = 1394.305 ; gain = 156.246

Routing Is Done.
INFO: [Common 17-83] Releasing license: Implementation
54 Infos, 10 Warnings, 9 Critical Warnings and 0 Errors encountered.
route_design completed successfully
route_design: Time (s): cpu = 00:00:32 ; elapsed = 00:00:29 . Memory (MB): peak = 1394.305 ; gain = 156.934
INFO: [Timing 38-480] Writing timing data to binary archive.
Writing placer database...
Writing XDEF routing.
Writing XDEF routing logical nets.
Writing XDEF routing special nets.
Write XDEF Complete: Time (s): cpu = 00:00:01 ; elapsed = 00:00:00.855 . Memory (MB): peak = 1394.305 ; gain = 0.000
INFO: [Common 17-1381] The checkpoint 'U:/ECE524L/Lab1/project_1/project_1.runs/impl_1/lab1_toplevel_routed.dcp' has been generated.
write_checkpoint: Time (s): cpu = 00:00:01 ; elapsed = 00:00:07 . Memory (MB): peak = 1394.305 ; gain = 0.000
INFO: [runtcl-4] Executing : report_drc -file lab1_toplevel_drc_routed.rpt -pb lab1_toplevel_drc_routed.pb -rpx lab1_toplevel_drc_routed.rpx
Command: report_drc -file lab1_toplevel_drc_routed.rpt -pb lab1_toplevel_drc_routed.pb -rpx lab1_toplevel_drc_routed.rpx
INFO: [DRC 23-27] Running DRC with 2 threads
INFO: [Coretcl 2-168] The results of DRC are in file U:/ECE524L/Lab1/project_1/project_1.runs/impl_1/lab1_toplevel_drc_routed.rpt.
report_drc completed successfully
INFO: [runtcl-4] Executing : report_methodology -file lab1_toplevel_methodology_drc_routed.rpt -pb lab1_toplevel_methodology_drc_routed.pb -rpx lab1_toplevel_methodology_drc_routed.rpx
Command: report_methodology -file lab1_toplevel_methodology_drc_routed.rpt -pb lab1_toplevel_methodology_drc_routed.pb -rpx lab1_toplevel_methodology_drc_routed.rpx
INFO: [Timing 38-35] Done setting XDC timing constraints.
INFO: [Timing 38-35] Done setting XDC timing constraints.
INFO: [DRC 23-133] Running Methodology with 2 threads
INFO: [Coretcl 2-1520] The results of Report Methodology are in file U:/ECE524L/Lab1/project_1/project_1.runs/impl_1/lab1_toplevel_methodology_drc_routed.rpt.
report_methodology completed successfully
INFO: [runtcl-4] Executing : report_power -file lab1_toplevel_power_routed.rpt -pb lab1_toplevel_power_summary_routed.pb -rpx lab1_toplevel_power_routed.rpx
Command: report_power -file lab1_toplevel_power_routed.rpt -pb lab1_toplevel_power_summary_routed.pb -rpx lab1_toplevel_power_routed.rpx
WARNING: [Power 33-232] No user defined clocks were found in the design!
Resolution: Please specify clocks using create_clock/create_generated_clock for sequential elements. For pure combinatorial circuits, please specify a virtual clock, otherwise the vectorless estimation might be inaccurate
INFO: [Timing 38-35] Done setting XDC timing constraints.
Running Vector-less Activity Propagation...

Finished Running Vector-less Activity Propagation
66 Infos, 11 Warnings, 9 Critical Warnings and 0 Errors encountered.
report_power completed successfully
INFO: [runtcl-4] Executing : report_route_status -file lab1_toplevel_route_status.rpt -pb lab1_toplevel_route_status.pb
INFO: [runtcl-4] Executing : report_timing_summary -max_paths 10 -file lab1_toplevel_timing_summary_routed.rpt -pb lab1_toplevel_timing_summary_routed.pb -rpx lab1_toplevel_timing_summary_routed.rpx -warn_on_violation 
INFO: [Timing 38-91] UpdateTimingParams: Speed grade: -1, Delay Type: min_max, Timing Stage: Requireds.
INFO: [Timing 38-191] Multithreading enabled for timing update using a maximum of 2 CPUs
WARNING: [Timing 38-313] There are no user specified timing constraints. Timing constraints are needed for proper timing analysis.
INFO: [runtcl-4] Executing : report_incremental_reuse -file lab1_toplevel_incremental_reuse_routed.rpt
INFO: [Vivado_Tcl 4-545] No incremental reuse to report, no incremental placement and routing data was found.
INFO: [runtcl-4] Executing : report_clock_utilization -file lab1_toplevel_clock_utilization_routed.rpt
INFO: [runtcl-4] Executing : report_bus_skew -warn_on_violation -file lab1_toplevel_bus_skew_routed.rpt -pb lab1_toplevel_bus_skew_routed.pb -rpx lab1_toplevel_bus_skew_routed.rpx
INFO: [Timing 38-91] UpdateTimingParams: Speed grade: -1, Delay Type: min_max, Timing Stage: Requireds.
INFO: [Timing 38-191] Multithreading enabled for timing update using a maximum of 2 CPUs
Command: write_bitstream -force lab1_toplevel.bit
Attempting to get a license for feature 'Implementation' and/or device 'xc7z020'
INFO: [Common 17-349] Got license for feature 'Implementation' and/or device 'xc7z020'
Running DRC as a precondition to command write_bitstream
INFO: [DRC 23-27] Running DRC with 2 threads
WARNING: [DRC ZPS7-1] PS7 block required: The PS7 cell must be used in this Zynq design in order to enable correct default configuration.
INFO: [Vivado 12-3199] DRC finished with 0 Errors, 1 Warnings
INFO: [Vivado 12-3200] Please refer to the DRC report (report_drc) for more information.
INFO: [Designutils 20-2272] Running write_bitstream with 2 threads.
Loading data files...
Loading site data...
Loading route data...
Processing options...
Creating bitmap...
Creating bitstream...
Writing bitstream ./lab1_toplevel.bit...
INFO: [Vivado 12-1842] Bitgen Completed Successfully.
INFO: [Project 1-118] WebTalk data collection is enabled (User setting is ON. Install Setting is ON.).
INFO: [Common 17-186] 'U:/ECE524L/Lab1/project_1/project_1.runs/impl_1/usage_statistics_webtalk.xml' has been successfully sent to Xilinx on Tue Sep 10 11:10:29 2019. For additional details about this file, please refer to the WebTalk help file at C:/Xilinx/Vivado/2018.2/doc/webtalk_introduction.html.
INFO: [Common 17-83] Releasing license: Implementation
85 Infos, 13 Warnings, 9 Critical Warnings and 0 Errors encountered.
write_bitstream completed successfully
write_bitstream: Time (s): cpu = 00:00:15 ; elapsed = 00:00:18 . Memory (MB): peak = 1843.957 ; gain = 421.754
INFO: [Common 17-206] Exiting Vivado at Tue Sep 10 11:10:30 2019...
