#-----------------------------------------------------------
# Vivado v2018.2 (64-bit)
# SW Build 2258646 on Thu Jun 14 20:03:12 MDT 2018
# IP Build 2256618 on Thu Jun 14 22:10:49 MDT 2018
# Start of session at: Tue Nov  5 10:38:47 2019
# Process ID: 15496
# Current directory: F:/ece524/lab7
# Command line: vivado.exe -gui_launcher_event rodinguilauncherevent15696 F:\ece524\lab7\lab7.xpr
# Log file: F:/ece524/lab7/vivado.log
# Journal file: F:/ece524/lab7\vivado.jou
#-----------------------------------------------------------
start_gui
open_project F:/ece524/lab7/lab7.xpr
INFO: [Project 1-313] Project file moved from 'D:/ece524/lab7' since last save.
Scanning sources...
Finished scanning sources
INFO: [IP_Flow 19-234] Refreshing IP repositories
INFO: [IP_Flow 19-1704] No user IP repositories specified
INFO: [IP_Flow 19-2313] Loaded Vivado IP repository 'D:/Xilinx/Vivado/2018.2/data/ip'.
open_project: Time (s): cpu = 00:00:13 ; elapsed = 00:00:19 . Memory (MB): peak = 760.117 ; gain = 71.262
update_compile_order -fileset sources_1
exit
INFO: [Common 17-206] Exiting Vivado at Tue Nov  5 10:39:53 2019...
